<?xml version="1.0" encoding="UTF-8" ?>
<testsuites name="vitest tests" tests="93" failures="16" errors="0" time="80.874">
    <testsuite name="tests/App.test.tsx" timestamp="2026-04-17T16:52:03.097Z" hostname="MacBook-Pro-Matthew-2.local" tests="6" failures="0" errors="0" skipped="0" time="0.239370125">
        <testcase classname="tests/App.test.tsx" name="App Component &gt; shows Login page when not authenticated" time="0.019565333">
        </testcase>
        <testcase classname="tests/App.test.tsx" name="App Component &gt; switches to SignUp page" time="0.039702708">
        </testcase>
        <testcase classname="tests/App.test.tsx" name="App Component &gt; fetches data and renders dashboard on successful login" time="0.021696666">
        </testcase>
        <testcase classname="tests/App.test.tsx" name="App Component &gt; logs out and returns to login page" time="0.027584375">
        </testcase>
        <testcase classname="tests/App.test.tsx" name="App Component &gt; opens and saves a new task" time="0.080050417">
        </testcase>
        <testcase classname="tests/App.test.tsx" name="App Component &gt; navigates between pages" time="0.050150792">
        </testcase>
    </testsuite>
    <testsuite name="tests/components/NoteModal.test.tsx" timestamp="2026-04-17T16:52:03.098Z" hostname="MacBook-Pro-Matthew-2.local" tests="6" failures="0" errors="0" skipped="0" time="0.189148334">
        <testcase classname="tests/components/NoteModal.test.tsx" name="NoteModal Component &gt; renders correctly when open with a note" time="0.028422625">
        </testcase>
        <testcase classname="tests/components/NoteModal.test.tsx" name="NoteModal Component &gt; does not render when closed" time="0.000881166">
        </testcase>
        <testcase classname="tests/components/NoteModal.test.tsx" name="NoteModal Component &gt; calls onClose when the close button is clicked" time="0.032720833">
        </testcase>
        <testcase classname="tests/components/NoteModal.test.tsx" name="NoteModal Component &gt; updates form data on input change" time="0.068784125">
        </testcase>
        <testcase classname="tests/components/NoteModal.test.tsx" name="NoteModal Component &gt; calls onSave with updated data when Done is clicked" time="0.045427125">
        </testcase>
        <testcase classname="tests/components/NoteModal.test.tsx" name="NoteModal Component &gt; does not call onSave if title is empty" time="0.012277">
        </testcase>
    </testsuite>
    <testsuite name="tests/components/Sidebar.test.tsx" timestamp="2026-04-17T16:52:03.098Z" hostname="MacBook-Pro-Matthew-2.local" tests="7" failures="0" errors="0" skipped="0" time="0.171057375">
        <testcase classname="tests/components/Sidebar.test.tsx" name="Sidebar Component &gt; renders correctly with user data" time="0.019119708">
        </testcase>
        <testcase classname="tests/components/Sidebar.test.tsx" name="Sidebar Component &gt; navigates to a new page when a nav item is clicked" time="0.032504583">
        </testcase>
        <testcase classname="tests/components/Sidebar.test.tsx" name="Sidebar Component &gt; navigates to an area when an area item is clicked" time="0.016171125">
        </testcase>
        <testcase classname="tests/components/Sidebar.test.tsx" name="Sidebar Component &gt; shows and handles logout" time="0.020898417">
        </testcase>
        <testcase classname="tests/components/Sidebar.test.tsx" name="Sidebar Component &gt; shows create area input and creates an area on enter" time="0.041489625">
            <system-err>
An update to Sidebar inside a test was not wrapped in act(...).

When testing, code that causes React state updates should be wrapped into act(...):

act(() =&gt; {
  /* fire events that update state */
});
/* assert on the output */

This ensures that you&apos;re testing the behavior the user would see in the browser. Learn more at https://react.dev/link/wrap-tests-with-act
An update to Sidebar inside a test was not wrapped in act(...).

When testing, code that causes React state updates should be wrapped into act(...):

act(() =&gt; {
  /* fire events that update state */
});
/* assert on the output */

This ensures that you&apos;re testing the behavior the user would see in the browser. Learn more at https://react.dev/link/wrap-tests-with-act
An update to Sidebar inside a test was not wrapped in act(...).

When testing, code that causes React state updates should be wrapped into act(...):

act(() =&gt; {
  /* fire events that update state */
});
/* assert on the output */

This ensures that you&apos;re testing the behavior the user would see in the browser. Learn more at https://react.dev/link/wrap-tests-with-act
An update to Sidebar inside a test was not wrapped in act(...).

When testing, code that causes React state updates should be wrapped into act(...):

act(() =&gt; {
  /* fire events that update state */
});
/* assert on the output */

This ensures that you&apos;re testing the behavior the user would see in the browser. Learn more at https://react.dev/link/wrap-tests-with-act

            </system-err>
        </testcase>
        <testcase classname="tests/components/Sidebar.test.tsx" name="Sidebar Component &gt; hides create area input on escape" time="0.012410167">
        </testcase>
        <testcase classname="tests/components/Sidebar.test.tsx" name="Sidebar Component &gt; shows color palette and selects a color" time="0.027786084">
        </testcase>
    </testsuite>
    <testsuite name="tests/components/TaskModal.test.tsx" timestamp="2026-04-17T16:52:03.099Z" hostname="MacBook-Pro-Matthew-2.local" tests="7" failures="0" errors="0" skipped="0" time="0.226841333">
        <testcase classname="tests/components/TaskModal.test.tsx" name="TaskModal Component &gt; renders correctly when open with a task" time="0.023054209">
        </testcase>
        <testcase classname="tests/components/TaskModal.test.tsx" name="TaskModal Component &gt; does not render when closed" time="0.000936292">
        </testcase>
        <testcase classname="tests/components/TaskModal.test.tsx" name="TaskModal Component &gt; calls onClose when the close button is clicked" time="0.035038416">
        </testcase>
        <testcase classname="tests/components/TaskModal.test.tsx" name="TaskModal Component &gt; updates form data on input change" time="0.072595167">
        </testcase>
        <testcase classname="tests/components/TaskModal.test.tsx" name="TaskModal Component &gt; calls onSave with updated data when Save is clicked" time="0.056392875">
        </testcase>
        <testcase classname="tests/components/TaskModal.test.tsx" name="TaskModal Component &gt; does not call onSave if title is empty" time="0.015106042">
        </testcase>
        <testcase classname="tests/components/TaskModal.test.tsx" name="TaskModal Component &gt; toggles completion status" time="0.023087166">
        </testcase>
    </testsuite>
    <testsuite name="tests/services/api.test.ts" timestamp="2026-04-17T16:52:03.100Z" hostname="MacBook-Pro-Matthew-2.local" tests="17" failures="0" errors="0" skipped="0" time="0.005989292">
        <testcase classname="tests/services/api.test.ts" name="API Service &gt; Auth &gt; register stores token on success" time="0.002243708">
        </testcase>
        <testcase classname="tests/services/api.test.ts" name="API Service &gt; Auth &gt; register throws on duplicate email" time="0.000579792">
        </testcase>
        <testcase classname="tests/services/api.test.ts" name="API Service &gt; Auth &gt; login success stores token" time="0.000302375">
        </testcase>
        <testcase classname="tests/services/api.test.ts" name="API Service &gt; Auth &gt; login failure does not store token" time="0.000134708">
        </testcase>
        <testcase classname="tests/services/api.test.ts" name="API Service &gt; Auth &gt; clears token on 401 unauthorized" time="0.000354208">
        </testcase>
        <testcase classname="tests/services/api.test.ts" name="API Service &gt; Auth &gt; getUser fetches user data" time="0.000107291">
        </testcase>
        <testcase classname="tests/services/api.test.ts" name="API Service &gt; Areas &gt; getAreas fetches areas" time="0.000081583">
        </testcase>
        <testcase classname="tests/services/api.test.ts" name="API Service &gt; Areas &gt; createArea posts a new area" time="0.000116167">
        </testcase>
        <testcase classname="tests/services/api.test.ts" name="API Service &gt; Tasks &gt; getTasks fetches tasks" time="0.00019075">
        </testcase>
        <testcase classname="tests/services/api.test.ts" name="API Service &gt; Tasks &gt; createTask posts a new task" time="0.000087625">
        </testcase>
        <testcase classname="tests/services/api.test.ts" name="API Service &gt; Tasks &gt; updateTask patches an existing task" time="0.000102875">
        </testcase>
        <testcase classname="tests/services/api.test.ts" name="API Service &gt; Tasks &gt; toggleTaskCompletion patches the completion status" time="0.000064334">
        </testcase>
        <testcase classname="tests/services/api.test.ts" name="API Service &gt; Notes &gt; getNotes fetches notes" time="0.00005775">
        </testcase>
        <testcase classname="tests/services/api.test.ts" name="API Service &gt; Notes &gt; createNote posts a new note" time="0.00005525">
        </testcase>
        <testcase classname="tests/services/api.test.ts" name="API Service &gt; Notes &gt; updateNote patches an existing note" time="0.000057917">
        </testcase>
        <testcase classname="tests/services/api.test.ts" name="API Service &gt; Search &gt; search with query and type" time="0.00024325">
        </testcase>
        <testcase classname="tests/services/api.test.ts" name="API Service &gt; Search &gt; search with only query" time="0.000199375">
        </testcase>
    </testsuite>
    <testsuite name="tests/pages/AreaDetails.test.tsx" timestamp="2026-04-17T16:52:03.100Z" hostname="MacBook-Pro-Matthew-2.local" tests="10" failures="0" errors="0" skipped="0" time="0.145180542">
        <testcase classname="tests/pages/AreaDetails.test.tsx" name="AreaDetails Page &gt; renders correctly with given area and data" time="0.034673209">
        </testcase>
        <testcase classname="tests/pages/AreaDetails.test.tsx" name="AreaDetails Page &gt; calls onNewTask when &quot;New Task&quot; button is clicked" time="0.044515875">
        </testcase>
        <testcase classname="tests/pages/AreaDetails.test.tsx" name="AreaDetails Page &gt; calls onNewNote when &quot;New Note&quot; button is clicked" time="0.013003709">
        </testcase>
        <testcase classname="tests/pages/AreaDetails.test.tsx" name="AreaDetails Page &gt; calls onOpenTask when a task is clicked" time="0.012254042">
        </testcase>
        <testcase classname="tests/pages/AreaDetails.test.tsx" name="AreaDetails Page &gt; calls onOpenNote when a note is clicked" time="0.013326083">
        </testcase>
        <testcase classname="tests/pages/AreaDetails.test.tsx" name="AreaDetails Page &gt; calls onToggleTask when the task checkbox is clicked" time="0.010062875">
        </testcase>
        <testcase classname="tests/pages/AreaDetails.test.tsx" name="AreaDetails Page &gt; displays &quot;No tasks yet.&quot; when the tasks array is empty" time="0.002068125">
        </testcase>
        <testcase classname="tests/pages/AreaDetails.test.tsx" name="AreaDetails Page &gt; displays &quot;No notes yet.&quot; when the notes array is empty" time="0.002709084">
        </testcase>
        <testcase classname="tests/pages/AreaDetails.test.tsx" name="AreaDetails Page &gt; sorts tasks correctly: active first, then by priority (High &gt; Medium &gt; Low), then by created_at DESC" time="0.007584167">
        </testcase>
        <testcase classname="tests/pages/AreaDetails.test.tsx" name="AreaDetails Page &gt; sorts notes correctly: by created_at DESC" time="0.00410775">
        </testcase>
    </testsuite>
    <testsuite name="tests/pages/Dashboard.test.tsx" timestamp="2026-04-17T16:52:03.101Z" hostname="MacBook-Pro-Matthew-2.local" tests="7" failures="0" errors="0" skipped="0" time="0.899422375">
        <testcase classname="tests/pages/Dashboard.test.tsx" name="Dashboard Page &gt; renders loading message when data is null" time="0.012745167">
        </testcase>
        <testcase classname="tests/pages/Dashboard.test.tsx" name="Dashboard Page &gt; renders dashboard correctly with data" time="0.019387625">
        </testcase>
        <testcase classname="tests/pages/Dashboard.test.tsx" name="Dashboard Page &gt; calls onNewTask when &quot;New Task&quot; is clicked" time="0.038791666">
        </testcase>
        <testcase classname="tests/pages/Dashboard.test.tsx" name="Dashboard Page &gt; calls onNewNote when &quot;New Note&quot; is clicked" time="0.01276">
        </testcase>
        <testcase classname="tests/pages/Dashboard.test.tsx" name="Dashboard Page &gt; triggers search and displays results" time="0.390073167">
            <system-err>
An update to Dashboard inside a test was not wrapped in act(...).

When testing, code that causes React state updates should be wrapped into act(...):

act(() =&gt; {
  /* fire events that update state */
});
/* assert on the output */

This ensures that you&apos;re testing the behavior the user would see in the browser. Learn more at https://react.dev/link/wrap-tests-with-act
An update to Dashboard inside a test was not wrapped in act(...).

When testing, code that causes React state updates should be wrapped into act(...):

act(() =&gt; {
  /* fire events that update state */
});
/* assert on the output */

This ensures that you&apos;re testing the behavior the user would see in the browser. Learn more at https://react.dev/link/wrap-tests-with-act
An update to Dashboard inside a test was not wrapped in act(...).

When testing, code that causes React state updates should be wrapped into act(...):

act(() =&gt; {
  /* fire events that update state */
});
/* assert on the output */

This ensures that you&apos;re testing the behavior the user would see in the browser. Learn more at https://react.dev/link/wrap-tests-with-act
An update to Dashboard inside a test was not wrapped in act(...).

When testing, code that causes React state updates should be wrapped into act(...):

act(() =&gt; {
  /* fire events that update state */
});
/* assert on the output */

This ensures that you&apos;re testing the behavior the user would see in the browser. Learn more at https://react.dev/link/wrap-tests-with-act

            </system-err>
        </testcase>
        <testcase classname="tests/pages/Dashboard.test.tsx" name="Dashboard Page &gt; displays no results message" time="0.396558958">
            <system-err>
An update to Dashboard inside a test was not wrapped in act(...).

When testing, code that causes React state updates should be wrapped into act(...):

act(() =&gt; {
  /* fire events that update state */
});
/* assert on the output */

This ensures that you&apos;re testing the behavior the user would see in the browser. Learn more at https://react.dev/link/wrap-tests-with-act
An update to Dashboard inside a test was not wrapped in act(...).

When testing, code that causes React state updates should be wrapped into act(...):

act(() =&gt; {
  /* fire events that update state */
});
/* assert on the output */

This ensures that you&apos;re testing the behavior the user would see in the browser. Learn more at https://react.dev/link/wrap-tests-with-act
An update to Dashboard inside a test was not wrapped in act(...).

When testing, code that causes React state updates should be wrapped into act(...):

act(() =&gt; {
  /* fire events that update state */
});
/* assert on the output */

This ensures that you&apos;re testing the behavior the user would see in the browser. Learn more at https://react.dev/link/wrap-tests-with-act
An update to Dashboard inside a test was not wrapped in act(...).

When testing, code that causes React state updates should be wrapped into act(...):

act(() =&gt; {
  /* fire events that update state */
});
/* assert on the output */

This ensures that you&apos;re testing the behavior the user would see in the browser. Learn more at https://react.dev/link/wrap-tests-with-act

            </system-err>
        </testcase>
        <testcase classname="tests/pages/Dashboard.test.tsx" name="Dashboard Page &gt; navigates when a stat card is clicked" time="0.028312125">
        </testcase>
    </testsuite>
    <testsuite name="tests/pages/Login.test.tsx" timestamp="2026-04-17T16:52:03.101Z" hostname="MacBook-Pro-Matthew-2.local" tests="5" failures="0" errors="0" skipped="0" time="0.299216375">
        <testcase classname="tests/pages/Login.test.tsx" name="Login Page &gt; renders login form correctly" time="0.041309292">
        </testcase>
        <testcase classname="tests/pages/Login.test.tsx" name="Login Page &gt; updates input fields on user input" time="0.086959167">
        </testcase>
        <testcase classname="tests/pages/Login.test.tsx" name="Login Page &gt; calls onLogin on successful form submission" time="0.0797845">
        </testcase>
        <testcase classname="tests/pages/Login.test.tsx" name="Login Page &gt; displays error message on failed login" time="0.081158792">
        </testcase>
        <testcase classname="tests/pages/Login.test.tsx" name="Login Page &gt; calls onSwitchToSignUp when sign up link is clicked" time="0.009295083">
        </testcase>
    </testsuite>
    <testsuite name="tests/pages/Notes.test.tsx" timestamp="2026-04-17T16:52:03.102Z" hostname="MacBook-Pro-Matthew-2.local" tests="10" failures="8" errors="0" skipped="0" time="80.10288575">
        <testcase classname="tests/pages/Notes.test.tsx" name="Notes Page &gt; renders loading message when data is null" time="0.014923625">
        </testcase>
        <testcase classname="tests/pages/Notes.test.tsx" name="Notes Page &gt; renders notes correctly with all filter selected by default" time="0.018012416">
        </testcase>
        <testcase classname="tests/pages/Notes.test.tsx" name="Notes Page &gt; calls onNewNote when &quot;New Note&quot; header button is clicked" time="10.007375584">
            <failure message="Test timed out in 10000ms.
If this is a long-running test, pass a timeout value as the last argument or configure it globally with &quot;testTimeout&quot;." type="Error">
Error: Test timed out in 10000ms.
If this is a long-running test, pass a timeout value as the last argument or configure it globally with &quot;testTimeout&quot;.
            </failure>
        </testcase>
        <testcase classname="tests/pages/Notes.test.tsx" name="Notes Page &gt; calls onOpenNote when a note card is clicked" time="10.004529625">
            <failure message="Test timed out in 10000ms.
If this is a long-running test, pass a timeout value as the last argument or configure it globally with &quot;testTimeout&quot;." type="Error">
Error: Test timed out in 10000ms.
If this is a long-running test, pass a timeout value as the last argument or configure it globally with &quot;testTimeout&quot;.
            </failure>
        </testcase>
        <testcase classname="tests/pages/Notes.test.tsx" name="Notes Page &gt; filters notes by area when an area filter is clicked" time="10.032215458">
            <failure message="Test timed out in 10000ms.
If this is a long-running test, pass a timeout value as the last argument or configure it globally with &quot;testTimeout&quot;." type="Error">
Error: Test timed out in 10000ms.
If this is a long-running test, pass a timeout value as the last argument or configure it globally with &quot;testTimeout&quot;.
            </failure>
        </testcase>
        <testcase classname="tests/pages/Notes.test.tsx" name="Notes Page &gt; handles search query and displays results" time="10.004183958">
            <failure message="Test timed out in 10000ms.
If this is a long-running test, pass a timeout value as the last argument or configure it globally with &quot;testTimeout&quot;." type="Error">
Error: Test timed out in 10000ms.
If this is a long-running test, pass a timeout value as the last argument or configure it globally with &quot;testTimeout&quot;.
            </failure>
        </testcase>
        <testcase classname="tests/pages/Notes.test.tsx" name="Notes Page &gt; displays &quot;No results found.&quot; when search returns empty" time="10.00454575">
            <failure message="Test timed out in 10000ms.
If this is a long-running test, pass a timeout value as the last argument or configure it globally with &quot;testTimeout&quot;." type="Error">
Error: Test timed out in 10000ms.
If this is a long-running test, pass a timeout value as the last argument or configure it globally with &quot;testTimeout&quot;.
            </failure>
        </testcase>
        <testcase classname="tests/pages/Notes.test.tsx" name="Notes Page &gt; clears search results and query on click outside" time="10.003112417">
            <failure message="Test timed out in 10000ms.
If this is a long-running test, pass a timeout value as the last argument or configure it globally with &quot;testTimeout&quot;." type="Error">
Error: Test timed out in 10000ms.
If this is a long-running test, pass a timeout value as the last argument or configure it globally with &quot;testTimeout&quot;.
            </failure>
        </testcase>
        <testcase classname="tests/pages/Notes.test.tsx" name="Notes Page &gt; calls onNewNote when &quot;Create New Note&quot; placeholder is clicked" time="10.009672125">
            <failure message="Test timed out in 10000ms.
If this is a long-running test, pass a timeout value as the last argument or configure it globally with &quot;testTimeout&quot;." type="Error">
Error: Test timed out in 10000ms.
If this is a long-running test, pass a timeout value as the last argument or configure it globally with &quot;testTimeout&quot;.
            </failure>
        </testcase>
        <testcase classname="tests/pages/Notes.test.tsx" name="Notes Page &gt; opens task when a task search result is returned (fallback)" time="10.003372416">
            <failure message="Test timed out in 10000ms.
If this is a long-running test, pass a timeout value as the last argument or configure it globally with &quot;testTimeout&quot;." type="Error">
Error: Test timed out in 10000ms.
If this is a long-running test, pass a timeout value as the last argument or configure it globally with &quot;testTimeout&quot;.
            </failure>
        </testcase>
    </testsuite>
    <testsuite name="tests/pages/SignUp.test.tsx" timestamp="2026-04-17T16:52:03.104Z" hostname="MacBook-Pro-Matthew-2.local" tests="6" failures="0" errors="0" skipped="0" time="0.554489625">
        <testcase classname="tests/pages/SignUp.test.tsx" name="SignUp Page &gt; renders sign-up form correctly" time="0.0458525">
        </testcase>
        <testcase classname="tests/pages/SignUp.test.tsx" name="SignUp Page &gt; updates input fields on user input" time="0.155042334">
        </testcase>
        <testcase classname="tests/pages/SignUp.test.tsx" name="SignUp Page &gt; shows error on password mismatch" time="0.064236458">
        </testcase>
        <testcase classname="tests/pages/SignUp.test.tsx" name="SignUp Page &gt; calls onLogin on successful registration" time="0.125155875">
        </testcase>
        <testcase classname="tests/pages/SignUp.test.tsx" name="SignUp Page &gt; shows error on failed registration" time="0.153430958">
        </testcase>
        <testcase classname="tests/pages/SignUp.test.tsx" name="SignUp Page &gt; calls onSwitchToLogin when log in link is clicked" time="0.009631792">
        </testcase>
    </testsuite>
    <testsuite name="tests/pages/Tasks.test.tsx" timestamp="2026-04-17T16:52:03.104Z" hostname="MacBook-Pro-Matthew-2.local" tests="12" failures="8" errors="0" skipped="0" time="70.130609042">
        <testcase classname="tests/pages/Tasks.test.tsx" name="Tasks Page &gt; renders loading message when data is null" time="0.013092584">
        </testcase>
        <testcase classname="tests/pages/Tasks.test.tsx" name="Tasks Page &gt; renders tasks correctly with data, grouped by area" time="0.023426584">
        </testcase>
        <testcase classname="tests/pages/Tasks.test.tsx" name="Tasks Page &gt; calls onNewTask when &quot;Add Task&quot; button is clicked" time="10.035991125">
            <failure message="Test timed out in 10000ms.
If this is a long-running test, pass a timeout value as the last argument or configure it globally with &quot;testTimeout&quot;." type="Error">
Error: Test timed out in 10000ms.
If this is a long-running test, pass a timeout value as the last argument or configure it globally with &quot;testTimeout&quot;.
            </failure>
        </testcase>
        <testcase classname="tests/pages/Tasks.test.tsx" name="Tasks Page &gt; calls onOpenTask when a pending task is clicked" time="10.006416583">
            <failure message="Test timed out in 10000ms.
If this is a long-running test, pass a timeout value as the last argument or configure it globally with &quot;testTimeout&quot;." type="Error">
Error: Test timed out in 10000ms.
If this is a long-running test, pass a timeout value as the last argument or configure it globally with &quot;testTimeout&quot;.
            </failure>
        </testcase>
        <testcase classname="tests/pages/Tasks.test.tsx" name="Tasks Page &gt; calls api.toggleTaskCompletion and onDataUpdate when pending task checkbox is clicked" time="10.00741825">
            <failure message="Test timed out in 10000ms.
If this is a long-running test, pass a timeout value as the last argument or configure it globally with &quot;testTimeout&quot;." type="Error">
Error: Test timed out in 10000ms.
If this is a long-running test, pass a timeout value as the last argument or configure it globally with &quot;testTimeout&quot;.
            </failure>
        </testcase>
        <testcase classname="tests/pages/Tasks.test.tsx" name="Tasks Page &gt; calls api.toggleTaskCompletion and onDataUpdate when completed task is clicked to uncomplete" time="10.0069715">
            <failure message="Test timed out in 10000ms.
If this is a long-running test, pass a timeout value as the last argument or configure it globally with &quot;testTimeout&quot;." type="Error">
Error: Test timed out in 10000ms.
If this is a long-running test, pass a timeout value as the last argument or configure it globally with &quot;testTimeout&quot;.
            </failure>
        </testcase>
        <testcase classname="tests/pages/Tasks.test.tsx" name="Tasks Page &gt; sorts tasks correctly within areas (priority, then due date)" time="0.0067215">
        </testcase>
        <testcase classname="tests/pages/Tasks.test.tsx" name="Tasks Page &gt; handles search query and displays results" time="10.005345084">
            <failure message="Test timed out in 10000ms.
If this is a long-running test, pass a timeout value as the last argument or configure it globally with &quot;testTimeout&quot;." type="Error">
Error: Test timed out in 10000ms.
If this is a long-running test, pass a timeout value as the last argument or configure it globally with &quot;testTimeout&quot;.
            </failure>
        </testcase>
        <testcase classname="tests/pages/Tasks.test.tsx" name="Tasks Page &gt; displays &quot;No results found.&quot; when search returns empty" time="10.006004834">
            <failure message="Test timed out in 10000ms.
If this is a long-running test, pass a timeout value as the last argument or configure it globally with &quot;testTimeout&quot;." type="Error">
Error: Test timed out in 10000ms.
If this is a long-running test, pass a timeout value as the last argument or configure it globally with &quot;testTimeout&quot;.
            </failure>
        </testcase>
        <testcase classname="tests/pages/Tasks.test.tsx" name="Tasks Page &gt; clears search results and query on click outside" time="10.006238083">
            <failure message="Test timed out in 10000ms.
If this is a long-running test, pass a timeout value as the last argument or configure it globally with &quot;testTimeout&quot;." type="Error">
Error: Test timed out in 10000ms.
If this is a long-running test, pass a timeout value as the last argument or configure it globally with &quot;testTimeout&quot;.
            </failure>
        </testcase>
        <testcase classname="tests/pages/Tasks.test.tsx" name="Tasks Page &gt; displays completed tasks in a separate section" time="0.0099875">
            <failure message="expect(element).not.toBeInTheDocument()

expected document not to contain element, found &lt;h4
  class=&quot;font-semibold text-slate-900 dark:text-white group-hover:text-primary transition-colors&quot;
&gt;
  Work Task High (Due Today)
&lt;/h4&gt; instead" type="Error">
Error: expect(element).not.toBeInTheDocument()

expected document not to contain element, found &lt;h4
  class=&quot;font-semibold text-slate-900 dark:text-white group-hover:text-primary transition-colors&quot;
&gt;
  Work Task High (Due Today)
&lt;/h4&gt; instead
 ❯ tests/pages/Tasks.test.tsx:187:66
            </failure>
        </testcase>
        <testcase classname="tests/pages/Tasks.test.tsx" name="Tasks Page &gt; does not display empty area sections" time="0.002186541">
        </testcase>
    </testsuite>
</testsuites>
